<?xml version="1.0" encoding="UTF-8"?>
<testsuite xmlns:xsi="http://www.w3.org/2001/XMLSchema-instance" xsi:noNamespaceSchemaLocation="https://maven.apache.org/surefire/maven-surefire-plugin/xsd/surefire-test-report-3.0.xsd" version="3.0" name="game.GameBoardTest" time="0.065" tests="2" errors="0" skipped="0" failures="0">
  <properties>
[...]
</properties>
  <testcase name="testPenguinMovement" classname="game.GameBoardTest" time="0.031">
    <system-out><![CDATA[--[i:1;f:3;p:none]---[i:2;f:1;p:p1]---[i:3;f:1;p:none]---[i:4;f:1;p:none]---[i:5;f:1;p:none]---[i:6;f:1;p:none]---[i:7;f:1;p:none]--
[i:8;f:1;p:none]---[i:9;f:2;p:none]---[i:10;f:1;p:p2]---[i:11;f:3;p:none]---[i:12;f:1;p:none]---[i:13;f:1;p:none]---[i:14;f:2;p:none]---[i:15;f:2;p:none]
--[i:16;f:1;p:none]---[i:17;f:2;p:none]---[i:18;f:2;p:none]---[i:19;f:1;p:none]---[i:20;f:1;p:none]---[i:21;f:1;p:none]---[i:22;f:2;p:none]--
[i:23;f:2;p:none]---[i:24;f:1;p:none]---[i:25;f:1;p:none]---[i:26;f:3;p:none]---[i:27;f:2;p:none]---[i:28;f:3;p:none]---[i:29;f:2;p:none]---[i:30;f:3;p:none]
--[i:31;f:1;p:none]---[i:32;f:1;p:none]---[i:33;f:3;p:none]---[i:34;f:1;p:none]---[i:35;f:2;p:none]---[i:36;f:2;p:none]---[i:37;f:1;p:none]--
[i:38;f:2;p:none]---[i:39;f:2;p:none]---[i:40;f:3;p:none]---[i:41;f:3;p:none]---[i:42;f:2;p:none]---[i:43;f:2;p:none]---[i:44;f:1;p:none]---[i:45;f:2;p:none]
--[i:46;f:1;p:none]---[i:47;f:2;p:none]---[i:48;f:2;p:none]---[i:49;f:3;p:none]---[i:50;f:1;p:none]---[i:51;f:1;p:none]---[i:52;f:2;p:none]--
[i:53;f:1;p:none]---[i:54;f:3;p:none]---[i:55;f:1;p:none]---[i:56;f:1;p:none]---[i:57;f:1;p:none]---[i:58;f:1;p:none]---[i:59;f:2;p:none]---[i:60;f:1;p:none]

]]></system-out>
  </testcase>
  <testcase name="testPenguinPlacement" classname="game.GameBoardTest" time="0.002"/>
</testsuite>