<?xml version="1.0" encoding="UTF-8"?>
<testsuite xmlns:xsi="http://www.w3.org/2001/XMLSchema-instance" xsi:noNamespaceSchemaLocation="https://maven.apache.org/surefire/maven-surefire-plugin/xsd/surefire-test-report-3.0.xsd" version="3.0" name="game.GameBoardTest" time="0.086" tests="4" errors="0" skipped="0" failures="0">
  <properties>
[...]
</properties>
  <testcase name="testFishCounts" classname="game.GameBoardTest" time="0.019"/>
  <testcase name="testPlayers" classname="game.GameBoardTest" time="0.012">
    <system-out><![CDATA[p1: 0 fish and 0 tiles collected
p2: 0 fish and 0 tiles collected
]]></system-out>
  </testcase>
  <testcase name="testPenguins" classname="game.GameBoardTest" time="0.011">
    <system-out><![CDATA[Penguin of player p1 (color: BLUE): isPlaced: false, rowIndex: -1, colIndex: -1
Penguin of player p1 (color: BLUE): isPlaced: false, rowIndex: -1, colIndex: -1
Penguin of player p1 (color: BLUE): isPlaced: false, rowIndex: -1, colIndex: -1
Penguin of player p1 (color: BLUE): isPlaced: false, rowIndex: -1, colIndex: -1

Penguin of player p2 (color: RED): isPlaced: false, rowIndex: -1, colIndex: -1
Penguin of player p2 (color: RED): isPlaced: false, rowIndex: -1, colIndex: -1
Penguin of player p2 (color: RED): isPlaced: false, rowIndex: -1, colIndex: -1
Penguin of player p2 (color: RED): isPlaced: false, rowIndex: -1, colIndex: -1
]]></system-out>
  </testcase>
  <testcase name="testPenguinPlacement" classname="game.GameBoardTest" time="0.003"/>
</testsuite>